{"/Users/bwanamaker/Dev/jesting/functions/functions.js": {"path":"/Users/bwanamaker/Dev/jesting/functions/functions.js","statementMap":{"0":{"start":{"line":1,"column":18},"end":{"line":10,"column":1}},"1":{"start":{"line":2,"column":23},"end":{"line":2,"column":34}},"2":{"start":{"line":3,"column":16},"end":{"line":3,"column":20}},"3":{"start":{"line":4,"column":21},"end":{"line":4,"column":22}},"4":{"start":{"line":6,"column":17},"end":{"line":6,"column":41}},"5":{"start":{"line":7,"column":4},"end":{"line":7,"column":35}},"6":{"start":{"line":8,"column":4},"end":{"line":8,"column":16}},"7":{"start":{"line":12,"column":0},"end":{"line":12,"column":27}}},"fnMap":{"0":{"name":"(anonymous_0)","decl":{"start":{"line":2,"column":7},"end":{"line":2,"column":8}},"loc":{"start":{"line":2,"column":23},"end":{"line":2,"column":34}},"line":2},"1":{"name":"(anonymous_1)","decl":{"start":{"line":3,"column":10},"end":{"line":3,"column":11}},"loc":{"start":{"line":3,"column":16},"end":{"line":3,"column":20}},"line":3},"2":{"name":"(anonymous_2)","decl":{"start":{"line":4,"column":14},"end":{"line":4,"column":15}},"loc":{"start":{"line":4,"column":21},"end":{"line":4,"column":22}},"line":4},"3":{"name":"(anonymous_3)","decl":{"start":{"line":5,"column":14},"end":{"line":5,"column":15}},"loc":{"start":{"line":5,"column":20},"end":{"line":9,"column":3}},"line":5}},"branchMap":{},"s":{"0":1,"1":2,"2":1,"3":2,"4":1,"5":1,"6":1,"7":1},"f":{"0":2,"1":1,"2":2,"3":1},"b":{},"_coverageSchema":"1a1c01bbd47fc00a2c39e90264f33305004495a9","hash":"7c27ce510b73c45aa3d22773288999c8a6533ba6"}
}
